<?xml version="1.0" encoding="UTF-8"?>
<!-- Generated by org.testng.reporters.JUnitReportReporter -->
<testsuite skipped="0" hostname="DESKTOP-9J1KF08" name="Grid.LoginUsingChromeInWindows" tests="2" failures="0" timestamp="2020-05-12T11:51:55 IST" time="15.036" errors="0">
  <testcase name="setup" time="6.498" classname="Grid.LoginUsingChromeInWindows"/>
  <system-out/>
  <testcase name="login" time="8.538" classname="Grid.LoginUsingChromeInWindows"/>
  <system-out/>
</testsuite> <!-- Grid.LoginUsingChromeInWindows -->
