<?xml version="1.0" encoding="UTF-8"?>
<!-- Generated by org.testng.reporters.JUnitReportReporter -->
<testsuite skipped="0" hostname="DESKTOP-9J1KF08" name="ScreenRecord.TestCase" tests="1" failures="0" timestamp="19 May 2020 05:29:30 GMT" time="22.453" errors="0">
  <testcase name="verifyLinks" time="22.453" classname="ScreenRecord.TestCase"/>
</testsuite> <!-- ScreenRecord.TestCase -->
