<?xml version="1.0" encoding="UTF-8"?>
<!-- Generated by org.testng.reporters.JUnitReportReporter -->
<testsuite skipped="0" hostname="DESKTOP-9J1KF08" name="com.qa.TestCases.EditCustomerTest" tests="2" failures="0" timestamp="15 May 2020 04:41:20 GMT" time="15.596" errors="0">
  <testcase name="Login" time="3.044" classname="com.qa.TestCases.EditCustomerTest"/>
  <testcase name="EditCustomer" time="12.552" classname="com.qa.TestCases.EditCustomerTest"/>
</testsuite> <!-- com.qa.TestCases.EditCustomerTest -->
