<?xml version="1.0" encoding="UTF-8"?>
<!-- Generated by org.testng.reporters.JUnitReportReporter -->
<testsuite skipped="1" hostname="DESKTOP-9J1KF08" name="com.qa.TestCases.LoginTest" tests="2" failures="0" timestamp="14 May 2020 11:54:50 GMT" time="9.604" errors="0">
  <testcase name="Login" time="9.604" classname="com.qa.TestCases.LoginTest"/>
  <testcase name="DataDriven" classname="com.qa.TestCases.LoginTest">
    <skipped/>
  </testcase> <!-- DataDriven -->
</testsuite> <!-- com.qa.TestCases.LoginTest -->
