<?xml version="1.0" encoding="UTF-8"?>
<!-- Generated by org.testng.reporters.JUnitReportReporter -->
<testsuite skipped="0" hostname="DESKTOP-9J1KF08" name="Selenium4Features.selenium4features" tests="1" failures="0" timestamp="11 May 2020 06:21:06 GMT" time="12.320" errors="0">
  <testcase name="ObjectLocation" time="12.320" classname="Selenium4Features.selenium4features"/>
</testsuite> <!-- Selenium4Features.selenium4features -->
